2023-03-27 12:05:04,473 INFO o.a.j.u.JMeterUtils: Setting Locale to en_GB
2023-03-27 12:05:04,494 INFO o.a.j.JMeter: Loading user properties from: user.properties
2023-03-27 12:05:04,494 INFO o.a.j.JMeter: Loading system properties from: system.properties
2023-03-27 12:05:04,505 INFO o.a.j.JMeter: Copyright (c) 1998-2022 The Apache Software Foundation
2023-03-27 12:05:04,505 INFO o.a.j.JMeter: Version 5.5
2023-03-27 12:05:04,505 INFO o.a.j.JMeter: java.version=1.8.0_361
2023-03-27 12:05:04,505 INFO o.a.j.JMeter: java.vm.name=Java HotSpot(TM) Client VM
2023-03-27 12:05:04,505 INFO o.a.j.JMeter: os.name=Windows 10
2023-03-27 12:05:04,505 INFO o.a.j.JMeter: os.arch=x86
2023-03-27 12:05:04,505 INFO o.a.j.JMeter: os.version=10.0
2023-03-27 12:05:04,505 INFO o.a.j.JMeter: file.encoding=Cp1252
2023-03-27 12:05:04,505 INFO o.a.j.JMeter: java.awt.headless=null
2023-03-27 12:05:04,505 INFO o.a.j.JMeter: Max memory     =259522560
2023-03-27 12:05:04,506 INFO o.a.j.JMeter: Available Processors =8
2023-03-27 12:05:04,511 INFO o.a.j.JMeter: Default Locale=English (United Kingdom)
2023-03-27 12:05:04,511 INFO o.a.j.JMeter: JMeter  Locale=English (United Kingdom)
2023-03-27 12:05:04,511 INFO o.a.j.JMeter: JMeterHome=C:\Mustaq\JMeter\apache-jmeter-5.5
2023-03-27 12:05:04,511 INFO o.a.j.JMeter: user.dir  =C:\Mustaq\JMeter\apache-jmeter-5.5\bin
2023-03-27 12:05:04,512 INFO o.a.j.JMeter: PWD       =C:\Mustaq\JMeter\apache-jmeter-5.5\bin
2023-03-27 12:05:04,513 INFO o.a.j.JMeter: IP: 192.168.120.135 Name: QUAI-VDI3-017 FullName: QUAI-VDI3-017.quai.local
2023-03-27 12:05:04,537 INFO o.a.j.JMeter: Loaded icon properties from org/apache/jmeter/images/icon.properties
2023-03-27 12:05:04,746 INFO o.a.j.JMeterGuiLauncher: Setting LAF to: com.github.weisj.darklaf.DarkLaf:com.github.weisj.darklaf.theme.DarculaTheme
